\BOOKMARK [1][-]{section.1}{\376\377\000I\000n\000t\000r\000o\000d\000u\000c\000t\000i\000o\000n}{}% 1
\BOOKMARK [1][-]{section.2}{\376\377\000M\000o\000d\000e\000l\000\040\000a\000n\000d\000\040\000E\000s\000t\000i\000m\000a\000t\000i\000o\000n}{}% 2
\BOOKMARK [2][-]{subsection.2.1}{\376\377\000P\000o\000w\000e\000r\000-\000l\000a\000w\000\040\000m\000o\000d\000e\000l}{section.2}% 3
\BOOKMARK [2][-]{subsection.2.2}{\376\377\000O\000L\000S\000\040\000e\000s\000t\000i\000m\000a\000t\000o\000r\000\040\000w\000i\000t\000h\000\040\000H\000C\0001\000\040\000s\000t\000a\000n\000d\000a\000r\000d\000\040\000e\000r\000r\000o\000r\000s}{section.2}% 4
\BOOKMARK [2][-]{subsection.2.3}{\376\377\000B\000o\000o\000t\000s\000t\000r\000a\000p\000\040\000c\000o\000n\000f\000i\000d\000e\000n\000c\000e\000\040\000i\000n\000t\000e\000r\000v\000a\000l\000s\000\040\000w\000i\000t\000h\000\040\000n\000o\000i\000s\000e\000\040\000i\000n\000j\000e\000c\000t\000i\000o\000n}{section.2}% 5
\BOOKMARK [2][-]{subsection.2.4}{\376\377\000P\000o\000p\000u\000l\000a\000t\000i\000o\000n\000-\000l\000e\000v\000e\000l\000\040\000t\000e\000s\000t\000s\000\040\000a\000n\000d\000\040\000p\000e\000r\000m\000u\000t\000a\000t\000i\000o\000n\000\040\000c\000o\000r\000r\000e\000c\000t\000i\000o\000n}{section.2}% 6
\BOOKMARK [2][-]{subsection.2.5}{\376\377\000N\000o\000n\000-\000m\000o\000n\000o\000t\000o\000n\000e\000\040\000A\000U\000M\000\040\000t\000r\000a\000j\000e\000c\000t\000o\000r\000i\000e\000s}{section.2}% 7
\BOOKMARK [1][-]{section.3}{\376\377\000D\000a\000t\000a}{}% 8
\BOOKMARK [2][-]{subsection.3.1}{\376\377\000S\000a\000m\000p\000l\000e\000\040\000c\000o\000n\000s\000t\000r\000u\000c\000t\000i\000o\000n\000\040\000a\000n\000d\000\040\000c\000l\000a\000s\000s\000i\000f\000i\000c\000a\000t\000i\000o\000n}{section.3}% 9
\BOOKMARK [2][-]{subsection.3.2}{\376\377\000D\000a\000t\000a\000\040\000s\000o\000u\000r\000c\000e\000s\000\040\000a\000n\000d\000\040\000u\000n\000c\000e\000r\000t\000a\000i\000n\000t\000y}{section.3}% 10
\BOOKMARK [1][-]{section.4}{\376\377\000R\000e\000s\000u\000l\000t\000s}{}% 11
\BOOKMARK [2][-]{subsection.4.1}{\376\377\000F\000u\000n\000d\000-\000l\000e\000v\000e\000l\000\040\000e\000s\000t\000i\000m\000a\000t\000e\000s}{section.4}% 12
\BOOKMARK [2][-]{subsection.4.2}{\376\377\000Q\000u\000a\000n\000t\040\023\000p\000o\000d\000\040\000s\000e\000p\000a\000r\000a\000t\000i\000o\000n}{section.4}% 13
\BOOKMARK [2][-]{subsection.4.3}{\376\377\000M\000e\000c\000h\000a\000n\000i\000s\000m\000\040\000i\000n\000t\000e\000r\000p\000r\000e\000t\000a\000t\000i\000o\000n\040\024\000w\000i\000t\000h\000\040\000e\000x\000p\000l\000i\000c\000i\000t\000\040\000c\000a\000v\000e\000a\000t\000s}{section.4}% 14
\BOOKMARK [2][-]{subsection.4.4}{\376\377\000C\000a\000p\000i\000t\000a\000l\000\040\000e\000f\000f\000i\000c\000i\000e\000n\000c\000y\000:\000\040\000f\000r\000o\000m\000\040\000m\000e\000c\000h\000a\000n\000i\000s\000m\000\040\000t\000o\000\040\000p\000r\000e\000d\000i\000c\000t\000i\000o\000n}{section.4}% 15
\BOOKMARK [2][-]{subsection.4.5}{\376\377\000T\000e\000m\000p\000o\000r\000a\000l\000\040\000d\000y\000n\000a\000m\000i\000c\000s}{section.4}% 16
\BOOKMARK [2][-]{subsection.4.6}{\376\377\000R\000e\000s\000i\000d\000u\000a\000l\000\040\000d\000i\000a\000g\000n\000o\000s\000t\000i\000c\000s}{section.4}% 17
\BOOKMARK [1][-]{section.5}{\376\377\000R\000o\000b\000u\000s\000t\000n\000e\000s\000s}{}% 18
\BOOKMARK [2][-]{subsection.5.1}{\376\377\000C\000l\000a\000s\000s\000i\000f\000i\000c\000a\000t\000i\000o\000n\000\040\000s\000e\000n\000s\000i\000t\000i\000v\000i\000t\000y}{section.5}% 19
\BOOKMARK [2][-]{subsection.5.2}{\376\377\000A\000Q\000R\000\040\000p\000o\000s\000t\000-\000p\000e\000a\000k\000\040\000s\000e\000n\000s\000i\000t\000i\000v\000i\000t\000y}{section.5}% 20
\BOOKMARK [2][-]{subsection.5.3}{\376\377\000P\000a\000n\000e\000l\000\040\000r\000e\000g\000r\000e\000s\000s\000i\000o\000n\000\040\000w\000i\000t\000h\000\040\000c\000l\000u\000s\000t\000e\000r\000e\000d\000\040\000s\000t\000a\000n\000d\000a\000r\000d\000\040\000e\000r\000r\000o\000r\000s}{section.5}% 21
\BOOKMARK [2][-]{subsection.5.4}{\376\377\000B\000a\000y\000e\000s\000i\000a\000n\000\040\000h\000i\000e\000r\000a\000r\000c\000h\000i\000c\000a\000l\000\040\000m\000o\000d\000e\000l}{section.5}% 22
\BOOKMARK [2][-]{subsection.5.5}{\376\377\000P\000a\000r\000a\000m\000e\000t\000e\000r\000\040\000s\000p\000a\000c\000e\000\040\000s\000t\000r\000u\000c\000t\000u\000r\000e}{section.5}% 23
\BOOKMARK [1][-]{section.6}{\376\377\000O\000u\000t\000-\000o\000f\000-\000S\000a\000m\000p\000l\000e\000\040\000V\000a\000l\000i\000d\000a\000t\000i\000o\000n}{}% 24
\BOOKMARK [2][-]{subsection.6.1}{\376\377\000D\000e\000s\000i\000g\000n\000\040\000a\000n\000d\000\040\000p\000r\000e\000d\000i\000c\000t\000i\000o\000n}{section.6}% 25
\BOOKMARK [2][-]{subsection.6.2}{\376\377\000P\000r\000e\000d\000i\000c\000t\000i\000o\000n\000\040\000a\000c\000c\000u\000r\000a\000c\000y\000\040\000b\000y\000\040\000r\000e\000g\000i\000m\000e}{section.6}% 26
\BOOKMARK [2][-]{subsection.6.3}{\376\377\000Q\000u\000a\000n\000t\000i\000t\000a\000t\000i\000v\000e\000\040\000a\000s\000s\000e\000s\000s\000m\000e\000n\000t}{section.6}% 27
\BOOKMARK [1][-]{section.7}{\376\377\000S\000u\000r\000v\000i\000v\000o\000r\000s\000h\000i\000p\000\040\000B\000i\000a\000s\000\040\000A\000n\000a\000l\000y\000s\000i\000s}{}% 28
\BOOKMARK [2][-]{subsection.7.1}{\376\377\000S\000o\000u\000r\000c\000e\000s\000\040\000o\000f\000\040\000s\000u\000r\000v\000i\000v\000o\000r\000s\000h\000i\000p\000\040\000b\000i\000a\000s\000\040\000i\000n\000\040\000t\000h\000i\000s\000\040\000s\000t\000u\000d\000y}{section.7}% 29
\BOOKMARK [2][-]{subsection.7.2}{\376\377\000F\000u\000l\000l\000-\000u\000n\000i\000v\000e\000r\000s\000e\000\040\000c\000o\000n\000s\000t\000r\000u\000c\000t\000i\000o\000n\000\040\000a\000n\000d\000\040\000d\000e\000f\000u\000n\000c\000t\000\040\000f\000u\000n\000d\000\040\000i\000n\000c\000l\000u\000s\000i\000o\000n}{section.7}% 30
\BOOKMARK [2][-]{subsection.7.3}{\376\377\000C\000l\000u\000s\000t\000e\000r\000\040\000f\000r\000a\000c\000t\000i\000o\000n\000\040\000c\000o\000r\000r\000e\000c\000t\000i\000o\000n}{section.7}% 31
\BOOKMARK [2][-]{subsection.7.4}{\376\377\000I\000m\000p\000l\000i\000c\000a\000t\000i\000o\000n\000s\000\040\000f\000o\000r\000\040\000t\000h\000e\000\040\000p\000r\000i\000n\000c\000i\000p\000a\000l\000\040\000f\000i\000n\000d\000i\000n\000g\000s}{section.7}% 32
\BOOKMARK [2][-]{subsection.7.5}{\376\377\000C\000o\000r\000r\000e\000c\000t\000i\000o\000n\000\040\000t\000o\000\040\000r\000e\000p\000o\000r\000t\000e\000d\000\040\000c\000l\000u\000s\000t\000e\000r\000\040\000f\000r\000a\000c\000t\000i\000o\000n\000s}{section.7}% 33
\BOOKMARK [1][-]{section.8}{\376\377\000D\000i\000s\000c\000u\000s\000s\000i\000o\000n}{}% 34
\BOOKMARK [2][-]{subsection.8.1}{\376\377\000W\000h\000a\000t\000\040\000t\000h\000e\000\040\000d\000a\000t\000a\000\040\000r\000o\000b\000u\000s\000t\000l\000y\000\040\000s\000u\000p\000p\000o\000r\000t}{section.8}% 35
\BOOKMARK [2][-]{subsection.8.2}{\376\377\000W\000h\000a\000t\000\040\000i\000s\000\040\000n\000o\000t\000\040\000e\000s\000t\000a\000b\000l\000i\000s\000h\000e\000d}{section.8}% 36
\BOOKMARK [2][-]{subsection.8.3}{\376\377\000R\000e\000l\000a\000t\000i\000o\000n\000\040\000t\000o\000\040\000s\000c\000a\000l\000i\000n\000g\000\040\000l\000a\000w\000s\000\040\000i\000n\000\040\000o\000t\000h\000e\000r\000\040\000d\000o\000m\000a\000i\000n\000s}{section.8}% 37
\BOOKMARK [2][-]{subsection.8.4}{\376\377\000E\000x\000p\000a\000n\000d\000e\000d\000\040\000u\000n\000i\000v\000e\000r\000s\000e\000:\000\040\0004\0001\000\040\000f\000u\000n\000d\000s\000,\000\040\000q\000u\000a\000n\000t\000\040\000v\000s\000\040\000n\000o\000n\000-\000q\000u\000a\000n\000t}{section.8}% 38
\BOOKMARK [2][-]{subsection.8.5}{\376\377\000L\000i\000m\000i\000t\000a\000t\000i\000o\000n\000s}{section.8}% 39
\BOOKMARK [1][-]{section.9}{\376\377\000C\000o\000n\000c\000l\000u\000s\000i\000o\000n}{}% 40
